
22-02-14 14:48:00 [-] LockHandler on macorvalan(account 1): access type 'examine' changed from 'examine:perm(Admin)' to 'examine:perm(Admin)' 
LockHandler on macorvalan(account 1): access type 'edit' changed from 'edit:perm(Admin)' to 'edit:perm(Admin)' 
LockHandler on macorvalan(account 1): access type 'delete' changed from 'delete:perm(Admin)' to 'delete:perm(Admin)' 
LockHandler on macorvalan(account 1): access type 'boot' changed from 'boot:perm(Admin)' to 'boot:perm(Admin)' 
LockHandler on macorvalan(account 1): access type 'msg' changed from 'msg:all()' to 'msg:all()' 
LockHandler on macorvalan(account 1): access type 'noidletimeout' changed from 'noidletimeout:perm(Builder) or perm(noidletimeout)' to 'noidletimeout:perm(Builder) or perm(noidletimeout)'
22-02-14 14:48:00 [-] LockHandler on macorvalan(account 1): access type 'examine' changed from 'examine:perm(Admin)' to 'examine:perm(Developer)' 
LockHandler on macorvalan(account 1): access type 'edit' changed from 'edit:perm(Admin)' to 'edit:false()' 
LockHandler on macorvalan(account 1): access type 'delete' changed from 'delete:perm(Admin)' to 'delete:false()' 
LockHandler on macorvalan(account 1): access type 'boot' changed from 'boot:perm(Admin)' to 'boot:false()' 
LockHandler on macorvalan(account 1): access type 'msg' changed from 'msg:all()' to 'msg:all()'
22-02-14 14:48:00 [-] LockHandler on macorvalan: access type 'get' changed from 'get:all()' to 'get:false()' 
LockHandler on macorvalan: access type 'call' changed from 'call:true()' to 'call:false()'
22-02-14 14:48:00 [-] LockHandler on macorvalan: access type 'examine' changed from 'examine:perm(Builder)' to 'examine:perm(Developer)' 
LockHandler on macorvalan: access type 'edit' changed from 'edit:perm(Admin)' to 'edit:false()' 
LockHandler on macorvalan: access type 'delete' changed from 'delete:perm(Admin)' to 'delete:false()' 
LockHandler on macorvalan: access type 'puppet' changed from 'puppet:pperm(Developer)' to 'puppet:false()'
22-02-14 14:48:00 [-] LockHandler on Limbo: access type 'get' changed from 'get:all()' to 'get:false()' 
LockHandler on Limbo: access type 'puppet' changed from 'puppet:pperm(Developer)' to 'puppet:false()'
22-02-14 14:48:00 [-] LockHandler on Channel 'MudInfo' (None): access type 'control' changed from 'control:perm(Admin)' to 'control:perm(Developer)' 
LockHandler on Channel 'MudInfo' (None): access type 'listen' changed from 'listen:all()' to 'listen:perm(Admin)' 
LockHandler on Channel 'MudInfo' (None): access type 'send' changed from 'send:all()' to 'send:false()'
22-02-14 14:48:00 [-] LockHandler on Channel 'Public' (None): access type 'control' changed from 'control:perm(Admin)' to 'control:perm(Admin)' 
LockHandler on Channel 'Public' (None): access type 'listen' changed from 'listen:all()' to 'listen:all()' 
LockHandler on Channel 'Public' (None): access type 'send' changed from 'send:all()' to 'send:all()'
22-02-14 15:08:14 [-] LockHandler on Intro: access type 'get' changed from 'get:all()' to 'get:false()' 
LockHandler on Intro: access type 'puppet' changed from 'puppet:pperm(Developer)' to 'puppet:false()'
22-02-14 15:08:14 [-] LockHandler on Intro: access type 'control' changed from 'control:perm(Developer)' to 'control:id(1) or perm(Admin)' 
LockHandler on Intro: access type 'delete' changed from 'delete:perm(Admin)' to ' delete:id(1) or perm(Admin)' 
LockHandler on Intro: access type 'edit' changed from 'edit:perm(Admin)' to ' edit:id(1) or perm(Admin)'
22-02-14 15:08:14 [-] LockHandler on tutorial: access type 'puppet' changed from 'puppet:pperm(Developer)' to 'puppet:false()' 
LockHandler on tutorial: access type 'get' changed from 'get:all()' to 'get:false()'
22-02-14 15:08:14 [-] LockHandler on tutorial: access type 'control' changed from 'control:perm(Developer)' to 'control:id(1) or perm(Admin)' 
LockHandler on tutorial: access type 'delete' changed from 'delete:perm(Admin)' to 'delete:id(1) or perm(Admin)'
22-02-14 15:08:14 [-] LockHandler on Leaving Tutorial: access type 'get' changed from 'get:all()' to 'get:false()' 
LockHandler on Leaving Tutorial: access type 'puppet' changed from 'puppet:pperm(Developer)' to 'puppet:false()'
22-02-14 15:08:14 [-] LockHandler on Leaving Tutorial: access type 'control' changed from 'control:perm(Developer)' to 'control:id(1) or perm(Admin)' 
LockHandler on Leaving Tutorial: access type 'delete' changed from 'delete:perm(Admin)' to ' delete:id(1) or perm(Admin)' 
LockHandler on Leaving Tutorial: access type 'edit' changed from 'edit:perm(Admin)' to ' edit:id(1) or perm(Admin)'
22-02-14 15:08:14 [-] LockHandler on exit tutorial: access type 'puppet' changed from 'puppet:pperm(Developer)' to 'puppet:false()' 
LockHandler on exit tutorial: access type 'get' changed from 'get:all()' to 'get:false()'
22-02-14 15:08:14 [-] LockHandler on exit tutorial: access type 'control' changed from 'control:perm(Developer)' to 'control:id(1) or perm(Admin)' 
LockHandler on exit tutorial: access type 'delete' changed from 'delete:perm(Admin)' to ' delete:id(1) or perm(Admin)' 
LockHandler on exit tutorial: access type 'edit' changed from 'edit:perm(Admin)' to ' edit:id(1) or perm(Admin)'
22-02-14 15:08:14 [-] LockHandler on start again: access type 'puppet' changed from 'puppet:pperm(Developer)' to 'puppet:false()' 
LockHandler on start again: access type 'get' changed from 'get:all()' to 'get:false()'
22-02-14 15:08:14 [-] LockHandler on start again: access type 'control' changed from 'control:perm(Developer)' to 'control:id(1) or perm(Admin)' 
LockHandler on start again: access type 'delete' changed from 'delete:perm(Admin)' to ' delete:id(1) or perm(Admin)' 
LockHandler on start again: access type 'edit' changed from 'edit:perm(Admin)' to ' edit:id(1) or perm(Admin)'
22-02-14 15:08:14 [-] LockHandler on exit: access type 'puppet' changed from 'puppet:pperm(Developer)' to 'puppet:false()' 
LockHandler on exit: access type 'get' changed from 'get:all()' to 'get:false()'
22-02-14 15:08:14 [-] LockHandler on exit: access type 'control' changed from 'control:perm(Developer)' to 'control:id(1) or perm(Admin)' 
LockHandler on exit: access type 'delete' changed from 'delete:perm(Admin)' to 'delete:id(1) or perm(Admin)'
22-02-14 15:08:14 [-] LockHandler on Cliff by the coast: access type 'get' changed from 'get:all()' to 'get:false()' 
LockHandler on Cliff by the coast: access type 'puppet' changed from 'puppet:pperm(Developer)' to 'puppet:false()'
22-02-14 15:08:14 [-] LockHandler on Cliff by the coast: access type 'control' changed from 'control:perm(Developer)' to 'control:id(1) or perm(Admin)' 
LockHandler on Cliff by the coast: access type 'delete' changed from 'delete:perm(Admin)' to ' delete:id(1) or perm(Admin)' 
LockHandler on Cliff by the coast: access type 'edit' changed from 'edit:perm(Admin)' to ' edit:id(1) or perm(Admin)'
22-02-14 15:08:14 [-] LockHandler on begin adventure: access type 'puppet' changed from 'puppet:pperm(Developer)' to 'puppet:false()' 
LockHandler on begin adventure: access type 'get' changed from 'get:all()' to 'get:false()'
22-02-14 15:08:14 [-] LockHandler on begin adventure: access type 'control' changed from 'control:perm(Developer)' to 'control:id(1) or perm(Admin)' 
LockHandler on begin adventure: access type 'delete' changed from 'delete:perm(Admin)' to ' delete:id(1) or perm(Admin)' 
LockHandler on begin adventure: access type 'edit' changed from 'edit:perm(Admin)' to ' edit:id(1) or perm(Admin)'
22-02-14 15:08:14 [-] LockHandler on Old well: access type 'control' changed from 'control:perm(Developer)' to 'control:id(1) or perm(Admin)' 
LockHandler on Old well: access type 'delete' changed from 'delete:perm(Admin)' to 'delete:id(1) or perm(Admin)'
22-02-14 15:08:14 [-] LockHandler on Old well: access type 'get' changed from 'get:all()' to 'get:false()'
22-02-14 15:08:14 [-] LockHandler on Wooden sign: access type 'control' changed from 'control:perm(Developer)' to 'control:id(1) or perm(Admin)' 
LockHandler on Wooden sign: access type 'delete' changed from 'delete:perm(Admin)' to 'delete:id(1) or perm(Admin)'
22-02-14 15:08:14 [-] LockHandler on Wooden sign: access type 'get' changed from 'get:all()' to 'get:false()'
22-02-14 15:08:14 [-] LockHandler on gnarled old tree: access type 'control' changed from 'control:perm(Developer)' to 'control:id(1) or perm(Admin)' 
LockHandler on gnarled old tree: access type 'delete' changed from 'delete:perm(Admin)' to 'delete:id(1) or perm(Admin)'
22-02-14 15:08:14 [-] LockHandler on gnarled old tree: access type 'get' changed from 'get:all()' to 'get:false()'
22-02-14 15:08:14 [-] LockHandler on Outside Evennia Inn: access type 'get' changed from 'get:all()' to 'get:false()' 
LockHandler on Outside Evennia Inn: access type 'puppet' changed from 'puppet:pperm(Developer)' to 'puppet:false()'
22-02-14 15:08:14 [-] LockHandler on Outside Evennia Inn: access type 'control' changed from 'control:perm(Developer)' to 'control:id(1) or perm(Admin)' 
LockHandler on Outside Evennia Inn: access type 'delete' changed from 'delete:perm(Admin)' to ' delete:id(1) or perm(Admin)' 
LockHandler on Outside Evennia Inn: access type 'edit' changed from 'edit:perm(Admin)' to ' edit:id(1) or perm(Admin)'
22-02-14 15:08:14 [-] LockHandler on northern path: access type 'puppet' changed from 'puppet:pperm(Developer)' to 'puppet:false()' 
LockHandler on northern path: access type 'get' changed from 'get:all()' to 'get:false()'
22-02-14 15:08:14 [-] LockHandler on northern path: access type 'control' changed from 'control:perm(Developer)' to 'control:id(1) or perm(Admin)' 
LockHandler on northern path: access type 'delete' changed from 'delete:perm(Admin)' to ' delete:id(1) or perm(Admin)' 
LockHandler on northern path: access type 'edit' changed from 'edit:perm(Admin)' to ' edit:id(1) or perm(Admin)'
22-02-14 15:08:14 [-] LockHandler on back to cliff: access type 'puppet' changed from 'puppet:pperm(Developer)' to 'puppet:false()' 
LockHandler on back to cliff: access type 'get' changed from 'get:all()' to 'get:false()'
22-02-14 15:08:14 [-] LockHandler on back to cliff: access type 'control' changed from 'control:perm(Developer)' to 'control:id(1) or perm(Admin)' 
LockHandler on back to cliff: access type 'delete' changed from 'delete:perm(Admin)' to ' delete:id(1) or perm(Admin)' 
LockHandler on back to cliff: access type 'edit' changed from 'edit:perm(Admin)' to ' edit:id(1) or perm(Admin)'
22-02-14 15:08:14 [-] LockHandler on northern path: access type 'view' changed from 'view:all()' to 'view:tag(tutorial_climbed_tree, tutorial_world) ' 
LockHandler on northern path: access type 'traverse' changed from 'traverse:all()' to ' traverse:tag(tutorial_climbed_tree, tutorial_world)'
22-02-14 15:08:14 [-] LockHandler on The Evennia Inn: access type 'get' changed from 'get:all()' to 'get:false()' 
LockHandler on The Evennia Inn: access type 'puppet' changed from 'puppet:pperm(Developer)' to 'puppet:false()'
22-02-14 15:08:14 [-] LockHandler on The Evennia Inn: access type 'control' changed from 'control:perm(Developer)' to 'control:id(1) or perm(Admin)' 
LockHandler on The Evennia Inn: access type 'delete' changed from 'delete:perm(Admin)' to ' delete:id(1) or perm(Admin)' 
LockHandler on The Evennia Inn: access type 'edit' changed from 'edit:perm(Admin)' to ' edit:id(1) or perm(Admin)'
22-02-14 15:08:14 [-] LockHandler on enter: access type 'puppet' changed from 'puppet:pperm(Developer)' to 'puppet:false()' 
LockHandler on enter: access type 'get' changed from 'get:all()' to 'get:false()'
22-02-14 15:08:14 [-] LockHandler on enter: access type 'control' changed from 'control:perm(Developer)' to 'control:id(1) or perm(Admin)' 
LockHandler on enter: access type 'delete' changed from 'delete:perm(Admin)' to ' delete:id(1) or perm(Admin)' 
LockHandler on enter: access type 'edit' changed from 'edit:perm(Admin)' to ' edit:id(1) or perm(Admin)'
22-02-14 15:08:14 [-] LockHandler on leave: access type 'puppet' changed from 'puppet:pperm(Developer)' to 'puppet:false()' 
LockHandler on leave: access type 'get' changed from 'get:all()' to 'get:false()'
22-02-14 15:08:14 [-] LockHandler on leave: access type 'control' changed from 'control:perm(Developer)' to 'control:id(1) or perm(Admin)' 
LockHandler on leave: access type 'delete' changed from 'delete:perm(Admin)' to ' delete:id(1) or perm(Admin)' 
LockHandler on leave: access type 'edit' changed from 'edit:perm(Admin)' to ' edit:id(1) or perm(Admin)'
22-02-14 15:08:14 [-] LockHandler on barrel: access type 'control' changed from 'control:perm(Developer)' to 'control:id(1) or perm(Admin)' 
LockHandler on barrel: access type 'delete' changed from 'delete:perm(Admin)' to 'delete:id(1) or perm(Admin)'
22-02-14 15:08:14 [-] LockHandler on barrel: access type 'get' changed from 'get:all()' to 'get:false()'
22-02-14 15:08:14 [-] LockHandler on The old bridge: access type 'get' changed from 'get:all()' to 'get:false()' 
LockHandler on The old bridge: access type 'puppet' changed from 'puppet:pperm(Developer)' to 'puppet:false()'
22-02-14 15:08:15 [-] LockHandler on The old bridge: access type 'view' changed from 'view:all()' to 'view:false()'
22-02-14 15:08:15 [-] LockHandler on The old bridge: access type 'control' changed from 'control:perm(Developer)' to 'control:id(1) or perm(Admin)' 
LockHandler on The old bridge: access type 'delete' changed from 'delete:perm(Admin)' to ' delete:id(1) or perm(Admin)' 
LockHandler on The old bridge: access type 'edit' changed from 'edit:perm(Admin)' to ' edit:id(1) or perm(Admin)'
22-02-14 15:08:15 [-] LockHandler on old bridge: access type 'puppet' changed from 'puppet:pperm(Developer)' to 'puppet:false()' 
LockHandler on old bridge: access type 'get' changed from 'get:all()' to 'get:false()'
22-02-14 15:08:15 [-] LockHandler on old bridge: access type 'control' changed from 'control:perm(Developer)' to 'control:id(1) or perm(Admin)' 
LockHandler on old bridge: access type 'delete' changed from 'delete:perm(Admin)' to ' delete:id(1) or perm(Admin)' 
LockHandler on old bridge: access type 'edit' changed from 'edit:perm(Admin)' to ' edit:id(1) or perm(Admin)'
22-02-14 15:08:15 [-] LockHandler on Protruding ledge: access type 'get' changed from 'get:all()' to 'get:false()' 
LockHandler on Protruding ledge: access type 'puppet' changed from 'puppet:pperm(Developer)' to 'puppet:false()'
22-02-14 15:08:15 [-] LockHandler on Protruding ledge: access type 'control' changed from 'control:perm(Developer)' to 'control:id(1) or perm(Admin)' 
LockHandler on Protruding ledge: access type 'delete' changed from 'delete:perm(Admin)' to ' delete:id(1) or perm(Admin)' 
LockHandler on Protruding ledge: access type 'edit' changed from 'edit:perm(Admin)' to ' edit:id(1) or perm(Admin)'
22-02-14 15:08:15 [-] LockHandler on Underground passages: access type 'get' changed from 'get:all()' to 'get:false()' 
LockHandler on Underground passages: access type 'puppet' changed from 'puppet:pperm(Developer)' to 'puppet:false()'
22-02-14 15:08:15 [-] LockHandler on Underground passages: access type 'control' changed from 'control:perm(Developer)' to 'control:id(1) or perm(Admin)' 
LockHandler on Underground passages: access type 'delete' changed from 'delete:perm(Admin)' to ' delete:id(1) or perm(Admin)' 
LockHandler on Underground passages: access type 'edit' changed from 'edit:perm(Admin)' to ' edit:id(1) or perm(Admin)'
22-02-14 15:08:15 [-] LockHandler on hole into cliff: access type 'puppet' changed from 'puppet:pperm(Developer)' to 'puppet:false()' 
LockHandler on hole into cliff: access type 'get' changed from 'get:all()' to 'get:false()'
22-02-14 15:08:15 [-] LockHandler on hole into cliff: access type 'control' changed from 'control:perm(Developer)' to 'control:id(1) or perm(Admin)' 
LockHandler on hole into cliff: access type 'delete' changed from 'delete:perm(Admin)' to ' delete:id(1) or perm(Admin)' 
LockHandler on hole into cliff: access type 'edit' changed from 'edit:perm(Admin)' to ' edit:id(1) or perm(Admin)'
22-02-14 15:08:15 [-] LockHandler on climb the chain: access type 'puppet' changed from 'puppet:pperm(Developer)' to 'puppet:false()' 
LockHandler on climb the chain: access type 'get' changed from 'get:all()' to 'get:false()'
22-02-14 15:08:15 [-] LockHandler on climb the chain: access type 'control' changed from 'control:perm(Developer)' to 'control:id(1) or perm(Admin)' 
LockHandler on climb the chain: access type 'delete' changed from 'delete:perm(Admin)' to 'delete:id(1) or perm(Admin)'
22-02-14 15:08:15 [-] LockHandler on Dark cell: access type 'get' changed from 'get:all()' to 'get:false()' 
LockHandler on Dark cell: access type 'puppet' changed from 'puppet:pperm(Developer)' to 'puppet:false()'
22-02-14 15:08:15 [-] LockHandler on Dark cell: access type 'control' changed from 'control:perm(Developer)' to 'control:id(1) or perm(Admin)' 
LockHandler on Dark cell: access type 'delete' changed from 'delete:perm(Admin)' to ' delete:id(1) or perm(Admin)' 
LockHandler on Dark cell: access type 'edit' changed from 'edit:perm(Admin)' to ' edit:id(1) or perm(Admin)'
22-02-14 15:08:15 [-] LockHandler on Dark cell: access type 'view' changed from 'view:all()' to 'view:all()'
22-02-14 15:08:15 [-] LockHandler on root-covered wall: access type 'puppet' changed from 'puppet:pperm(Developer)' to 'puppet:false()' 
LockHandler on root-covered wall: access type 'get' changed from 'get:all()' to 'get:false()'
22-02-14 15:08:15 [-] LockHandler on root-covered wall: access type 'traverse' changed from 'traverse:all()' to 'traverse:objattr(exit_open)'
22-02-14 15:08:15 [-] LockHandler on root-covered wall: access type 'control' changed from 'control:perm(Developer)' to 'control:id(1) or perm(Admin)' 
LockHandler on root-covered wall: access type 'delete' changed from 'delete:perm(Admin)' to 'delete:id(1) or perm(Admin)'
22-02-14 15:08:15 [-] LockHandler on root-covered wall: access type 'get' changed from 'get:false()' to 'get:false()'
22-02-14 15:08:15 [-] LockHandler on Dark cell: access type 'view' changed from 'view:all()' to 'view:false()'
22-02-14 15:08:15 [-] LockHandler on Ruined gatehouse: access type 'get' changed from 'get:all()' to 'get:false()' 
LockHandler on Ruined gatehouse: access type 'puppet' changed from 'puppet:pperm(Developer)' to 'puppet:false()'
22-02-14 15:08:15 [-] LockHandler on Ruined gatehouse: access type 'control' changed from 'control:perm(Developer)' to 'control:id(1) or perm(Admin)' 
LockHandler on Ruined gatehouse: access type 'delete' changed from 'delete:perm(Admin)' to ' delete:id(1) or perm(Admin)' 
LockHandler on Ruined gatehouse: access type 'edit' changed from 'edit:perm(Admin)' to ' edit:id(1) or perm(Admin)'
22-02-14 15:08:15 [-] LockHandler on Bridge over the abyss: access type 'puppet' changed from 'puppet:pperm(Developer)' to 'puppet:false()' 
LockHandler on Bridge over the abyss: access type 'get' changed from 'get:all()' to 'get:false()'
22-02-14 15:08:15 [-] LockHandler on Bridge over the abyss: access type 'control' changed from 'control:perm(Developer)' to 'control:id(1) or perm(Admin)' 
LockHandler on Bridge over the abyss: access type 'delete' changed from 'delete:perm(Admin)' to ' delete:id(1) or perm(Admin)' 
LockHandler on Bridge over the abyss: access type 'edit' changed from 'edit:perm(Admin)' to ' edit:id(1) or perm(Admin)'
22-02-14 15:08:15 [-] LockHandler on Bridge over the abyss: access type 'traverse' changed from 'traverse:all()' to 'traverse:has_account()'
22-02-14 15:08:15 [-] LockHandler on Along inner wall: access type 'get' changed from 'get:all()' to 'get:false()' 
LockHandler on Along inner wall: access type 'puppet' changed from 'puppet:pperm(Developer)' to 'puppet:false()'
22-02-14 15:08:15 [-] LockHandler on Along inner wall: access type 'control' changed from 'control:perm(Developer)' to 'control:id(1) or perm(Admin)' 
LockHandler on Along inner wall: access type 'delete' changed from 'delete:perm(Admin)' to ' delete:id(1) or perm(Admin)' 
LockHandler on Along inner wall: access type 'edit' changed from 'edit:perm(Admin)' to ' edit:id(1) or perm(Admin)'
22-02-14 15:08:15 [-] LockHandler on Standing archway: access type 'puppet' changed from 'puppet:pperm(Developer)' to 'puppet:false()' 
LockHandler on Standing archway: access type 'get' changed from 'get:all()' to 'get:false()'
22-02-14 15:08:15 [-] LockHandler on Standing archway: access type 'control' changed from 'control:perm(Developer)' to 'control:id(1) or perm(Admin)' 
LockHandler on Standing archway: access type 'delete' changed from 'delete:perm(Admin)' to ' delete:id(1) or perm(Admin)' 
LockHandler on Standing archway: access type 'edit' changed from 'edit:perm(Admin)' to ' edit:id(1) or perm(Admin)'
22-02-14 15:08:15 [-] LockHandler on ruined gatehouse: access type 'puppet' changed from 'puppet:pperm(Developer)' to 'puppet:false()' 
LockHandler on ruined gatehouse: access type 'get' changed from 'get:all()' to 'get:false()'
22-02-14 15:08:15 [-] LockHandler on ruined gatehouse: access type 'control' changed from 'control:perm(Developer)' to 'control:id(1) or perm(Admin)' 
LockHandler on ruined gatehouse: access type 'delete' changed from 'delete:perm(Admin)' to ' delete:id(1) or perm(Admin)' 
LockHandler on ruined gatehouse: access type 'edit' changed from 'edit:perm(Admin)' to ' edit:id(1) or perm(Admin)'
22-02-14 15:08:15 [-] LockHandler on Corner of castle ruins: access type 'get' changed from 'get:all()' to 'get:false()' 
LockHandler on Corner of castle ruins: access type 'puppet' changed from 'puppet:pperm(Developer)' to 'puppet:false()'
22-02-14 15:08:15 [-] LockHandler on Corner of castle ruins: access type 'control' changed from 'control:perm(Developer)' to 'control:id(1) or perm(Admin)' 
LockHandler on Corner of castle ruins: access type 'delete' changed from 'delete:perm(Admin)' to ' delete:id(1) or perm(Admin)' 
LockHandler on Corner of castle ruins: access type 'edit' changed from 'edit:perm(Admin)' to ' edit:id(1) or perm(Admin)'
22-02-14 15:08:15 [-] LockHandler on castle corner: access type 'puppet' changed from 'puppet:pperm(Developer)' to 'puppet:false()' 
LockHandler on castle corner: access type 'get' changed from 'get:all()' to 'get:false()'
22-02-14 15:08:15 [-] LockHandler on castle corner: access type 'control' changed from 'control:perm(Developer)' to 'control:id(1) or perm(Admin)' 
LockHandler on castle corner: access type 'delete' changed from 'delete:perm(Admin)' to ' delete:id(1) or perm(Admin)' 
LockHandler on castle corner: access type 'edit' changed from 'edit:perm(Admin)' to ' edit:id(1) or perm(Admin)'
22-02-14 15:08:15 [-] LockHandler on gatehouse: access type 'puppet' changed from 'puppet:pperm(Developer)' to 'puppet:false()' 
LockHandler on gatehouse: access type 'get' changed from 'get:all()' to 'get:false()'
22-02-14 15:08:15 [-] LockHandler on gatehouse: access type 'control' changed from 'control:perm(Developer)' to 'control:id(1) or perm(Admin)' 
LockHandler on gatehouse: access type 'delete' changed from 'delete:perm(Admin)' to ' delete:id(1) or perm(Admin)' 
LockHandler on gatehouse: access type 'edit' changed from 'edit:perm(Admin)' to ' edit:id(1) or perm(Admin)'
22-02-14 15:08:15 [-] LockHandler on obelisk: access type 'get' changed from 'get:all()' to 'get:false()'
22-02-14 15:08:15 [-] LockHandler on obelisk: access type 'control' changed from 'control:perm(Developer)' to 'control:id(1) or perm(Admin)' 
LockHandler on obelisk: access type 'delete' changed from 'delete:perm(Admin)' to 'delete:id(1) or perm(Admin)'
22-02-14 15:08:15 [-] LockHandler on obelisk: access type 'get' changed from 'get:false()' to 'get:false()'
22-02-14 15:08:15 [-] LockHandler on Ghostly apparition: access type 'control' changed from 'control:perm(Developer)' to 'control:id(1) or perm(Admin)' 
LockHandler on Ghostly apparition: access type 'delete' changed from 'delete:perm(Admin)' to 'delete:id(1) or perm(Admin)'
22-02-14 15:08:15 [-] LockHandler on Ghostly apparition: access type 'get' changed from 'get:all()' to 'get:false()'
22-02-14 15:08:16 [-] LockHandler on foggy tentacles: access type 'control' changed from 'control:perm(Developer)' to 'control:id(1) or perm(Admin)' 
LockHandler on foggy tentacles: access type 'delete' changed from 'delete:perm(Admin)' to 'delete:id(1) or perm(Admin)'
22-02-14 15:08:16 [-] LockHandler on Overgrown courtyard: access type 'get' changed from 'get:all()' to 'get:false()' 
LockHandler on Overgrown courtyard: access type 'puppet' changed from 'puppet:pperm(Developer)' to 'puppet:false()'
22-02-14 15:08:16 [-] LockHandler on Overgrown courtyard: access type 'control' changed from 'control:perm(Developer)' to 'control:id(1) or perm(Admin)' 
LockHandler on Overgrown courtyard: access type 'delete' changed from 'delete:perm(Admin)' to ' delete:id(1) or perm(Admin)' 
LockHandler on Overgrown courtyard: access type 'edit' changed from 'edit:perm(Admin)' to ' edit:id(1) or perm(Admin)'
22-02-14 15:08:16 [-] LockHandler on courtyard: access type 'puppet' changed from 'puppet:pperm(Developer)' to 'puppet:false()' 
LockHandler on courtyard: access type 'get' changed from 'get:all()' to 'get:false()'
22-02-14 15:08:16 [-] LockHandler on courtyard: access type 'control' changed from 'control:perm(Developer)' to 'control:id(1) or perm(Admin)' 
LockHandler on courtyard: access type 'delete' changed from 'delete:perm(Admin)' to ' delete:id(1) or perm(Admin)' 
LockHandler on courtyard: access type 'edit' changed from 'edit:perm(Admin)' to ' edit:id(1) or perm(Admin)'
22-02-14 15:08:16 [-] LockHandler on castle corner: access type 'puppet' changed from 'puppet:pperm(Developer)' to 'puppet:false()' 
LockHandler on castle corner: access type 'get' changed from 'get:all()' to 'get:false()'
22-02-14 15:08:16 [-] LockHandler on castle corner: access type 'control' changed from 'control:perm(Developer)' to 'control:id(1) or perm(Admin)' 
LockHandler on castle corner: access type 'delete' changed from 'delete:perm(Admin)' to ' delete:id(1) or perm(Admin)' 
LockHandler on castle corner: access type 'edit' changed from 'edit:perm(Admin)' to ' edit:id(1) or perm(Admin)'
22-02-14 15:08:16 [-] LockHandler on along inner wall: access type 'puppet' changed from 'puppet:pperm(Developer)' to 'puppet:false()' 
LockHandler on along inner wall: access type 'get' changed from 'get:all()' to 'get:false()'
22-02-14 15:08:16 [-] LockHandler on along inner wall: access type 'control' changed from 'control:perm(Developer)' to 'control:id(1) or perm(Admin)' 
LockHandler on along inner wall: access type 'delete' changed from 'delete:perm(Admin)' to 'delete:id(1) or perm(Admin)'
22-02-14 15:08:16 [-] LockHandler on overgrown courtyard: access type 'puppet' changed from 'puppet:pperm(Developer)' to 'puppet:false()' 
LockHandler on overgrown courtyard: access type 'get' changed from 'get:all()' to 'get:false()'
22-02-14 15:08:16 [-] LockHandler on overgrown courtyard: access type 'control' changed from 'control:perm(Developer)' to 'control:id(1) or perm(Admin)' 
LockHandler on overgrown courtyard: access type 'delete' changed from 'delete:perm(Admin)' to 'delete:id(1) or perm(Admin)'
22-02-14 15:08:16 [-] LockHandler on The ruined temple: access type 'get' changed from 'get:all()' to 'get:false()' 
LockHandler on The ruined temple: access type 'puppet' changed from 'puppet:pperm(Developer)' to 'puppet:false()'
22-02-14 15:08:16 [-] LockHandler on The ruined temple: access type 'control' changed from 'control:perm(Developer)' to 'control:id(1) or perm(Admin)' 
LockHandler on The ruined temple: access type 'delete' changed from 'delete:perm(Admin)' to ' delete:id(1) or perm(Admin)' 
LockHandler on The ruined temple: access type 'edit' changed from 'edit:perm(Admin)' to ' edit:id(1) or perm(Admin)'
22-02-14 15:08:16 [-] LockHandler on ruined temple: access type 'puppet' changed from 'puppet:pperm(Developer)' to 'puppet:false()' 
LockHandler on ruined temple: access type 'get' changed from 'get:all()' to 'get:false()'
22-02-14 15:08:16 [-] LockHandler on ruined temple: access type 'control' changed from 'control:perm(Developer)' to 'control:id(1) or perm(Admin)' 
LockHandler on ruined temple: access type 'delete' changed from 'delete:perm(Admin)' to ' delete:id(1) or perm(Admin)' 
LockHandler on ruined temple: access type 'edit' changed from 'edit:perm(Admin)' to ' edit:id(1) or perm(Admin)'
22-02-14 15:08:16 [-] LockHandler on overgrown courtyard: access type 'puppet' changed from 'puppet:pperm(Developer)' to 'puppet:false()' 
LockHandler on overgrown courtyard: access type 'get' changed from 'get:all()' to 'get:false()'
22-02-14 15:08:16 [-] LockHandler on overgrown courtyard: access type 'control' changed from 'control:perm(Developer)' to 'control:id(1) or perm(Admin)' 
LockHandler on overgrown courtyard: access type 'delete' changed from 'delete:perm(Admin)' to ' delete:id(1) or perm(Admin)' 
LockHandler on overgrown courtyard: access type 'edit' changed from 'edit:perm(Admin)' to ' edit:id(1) or perm(Admin)'
22-02-14 15:08:16 [-] LockHandler on Antechamber: access type 'get' changed from 'get:all()' to 'get:false()' 
LockHandler on Antechamber: access type 'puppet' changed from 'puppet:pperm(Developer)' to 'puppet:false()'
22-02-14 15:08:16 [-] LockHandler on Antechamber: access type 'control' changed from 'control:perm(Developer)' to 'control:id(1) or perm(Admin)' 
LockHandler on Antechamber: access type 'delete' changed from 'delete:perm(Admin)' to ' delete:id(1) or perm(Admin)' 
LockHandler on Antechamber: access type 'edit' changed from 'edit:perm(Admin)' to ' edit:id(1) or perm(Admin)'
22-02-14 15:08:16 [-] LockHandler on stairs down: access type 'puppet' changed from 'puppet:pperm(Developer)' to 'puppet:false()' 
LockHandler on stairs down: access type 'get' changed from 'get:all()' to 'get:false()'
22-02-14 15:08:16 [-] LockHandler on stairs down: access type 'control' changed from 'control:perm(Developer)' to 'control:id(1) or perm(Admin)' 
LockHandler on stairs down: access type 'delete' changed from 'delete:perm(Admin)' to ' delete:id(1) or perm(Admin)' 
LockHandler on stairs down: access type 'edit' changed from 'edit:perm(Admin)' to ' edit:id(1) or perm(Admin)'
22-02-14 15:08:16 [-] LockHandler on up the stairs to ruined temple: access type 'puppet' changed from 'puppet:pperm(Developer)' to 'puppet:false()' 
LockHandler on up the stairs to ruined temple: access type 'get' changed from 'get:all()' to 'get:false()'
22-02-14 15:08:16 [-] LockHandler on up the stairs to ruined temple: access type 'control' changed from 'control:perm(Developer)' to 'control:id(1) or perm(Admin)' 
LockHandler on up the stairs to ruined temple: access type 'delete' changed from 'delete:perm(Admin)' to ' delete:id(1) or perm(Admin)' 
LockHandler on up the stairs to ruined temple: access type 'edit' changed from 'edit:perm(Admin)' to ' edit:id(1) or perm(Admin)'
22-02-14 15:08:16 [-] LockHandler on stairs down: access type 'traverse' changed from 'traverse:all()' to 'traverse:has_account()'
22-02-14 15:08:16 [-] LockHandler on Blue bird tomb: access type 'get' changed from 'get:all()' to 'get:false()' 
LockHandler on Blue bird tomb: access type 'puppet' changed from 'puppet:pperm(Developer)' to 'puppet:false()'
22-02-14 15:08:16 [-] LockHandler on Blue bird tomb: access type 'control' changed from 'control:perm(Developer)' to 'control:id(1) or perm(Admin)' 
LockHandler on Blue bird tomb: access type 'delete' changed from 'delete:perm(Admin)' to ' delete:id(1) or perm(Admin)' 
LockHandler on Blue bird tomb: access type 'edit' changed from 'edit:perm(Admin)' to ' edit:id(1) or perm(Admin)'
22-02-14 15:08:16 [-] LockHandler on Blue bird tomb: access type 'puppet' changed from 'puppet:pperm(Developer)' to 'puppet:false()' 
LockHandler on Blue bird tomb: access type 'get' changed from 'get:all()' to 'get:false()'
22-02-14 15:08:16 [-] LockHandler on Blue bird tomb: access type 'control' changed from 'control:perm(Developer)' to 'control:id(1) or perm(Admin)' 
LockHandler on Blue bird tomb: access type 'delete' changed from 'delete:perm(Admin)' to ' delete:id(1) or perm(Admin)' 
LockHandler on Blue bird tomb: access type 'edit' changed from 'edit:perm(Admin)' to ' edit:id(1) or perm(Admin)'
22-02-14 15:08:16 [-] LockHandler on Tomb of woman on horse: access type 'get' changed from 'get:all()' to 'get:false()' 
LockHandler on Tomb of woman on horse: access type 'puppet' changed from 'puppet:pperm(Developer)' to 'puppet:false()'
22-02-14 15:08:16 [-] LockHandler on Tomb of woman on horse: access type 'control' changed from 'control:perm(Developer)' to 'control:id(1) or perm(Admin)' 
LockHandler on Tomb of woman on horse: access type 'delete' changed from 'delete:perm(Admin)' to ' delete:id(1) or perm(Admin)' 
LockHandler on Tomb of woman on horse: access type 'edit' changed from 'edit:perm(Admin)' to ' edit:id(1) or perm(Admin)'
22-02-14 15:08:16 [-] LockHandler on Tomb of woman on horse: access type 'puppet' changed from 'puppet:pperm(Developer)' to 'puppet:false()' 
LockHandler on Tomb of woman on horse: access type 'get' changed from 'get:all()' to 'get:false()'
22-02-14 15:08:16 [-] LockHandler on Tomb of woman on horse: access type 'control' changed from 'control:perm(Developer)' to 'control:id(1) or perm(Admin)' 
LockHandler on Tomb of woman on horse: access type 'delete' changed from 'delete:perm(Admin)' to ' delete:id(1) or perm(Admin)' 
LockHandler on Tomb of woman on horse: access type 'edit' changed from 'edit:perm(Admin)' to ' edit:id(1) or perm(Admin)'
22-02-14 15:08:16 [-] LockHandler on Tomb of the crowned queen: access type 'get' changed from 'get:all()' to 'get:false()' 
LockHandler on Tomb of the crowned queen: access type 'puppet' changed from 'puppet:pperm(Developer)' to 'puppet:false()'
22-02-14 15:08:16 [-] LockHandler on Tomb of the crowned queen: access type 'control' changed from 'control:perm(Developer)' to 'control:id(1) or perm(Admin)' 
LockHandler on Tomb of the crowned queen: access type 'delete' changed from 'delete:perm(Admin)' to ' delete:id(1) or perm(Admin)' 
LockHandler on Tomb of the crowned queen: access type 'edit' changed from 'edit:perm(Admin)' to ' edit:id(1) or perm(Admin)'
22-02-14 15:08:16 [-] LockHandler on Tomb of the crowned queen: access type 'puppet' changed from 'puppet:pperm(Developer)' to 'puppet:false()' 
LockHandler on Tomb of the crowned queen: access type 'get' changed from 'get:all()' to 'get:false()'
22-02-14 15:08:16 [-] LockHandler on Tomb of the crowned queen: access type 'control' changed from 'control:perm(Developer)' to 'control:id(1) or perm(Admin)' 
LockHandler on Tomb of the crowned queen: access type 'delete' changed from 'delete:perm(Admin)' to ' delete:id(1) or perm(Admin)' 
LockHandler on Tomb of the crowned queen: access type 'edit' changed from 'edit:perm(Admin)' to ' edit:id(1) or perm(Admin)'
22-02-14 15:08:16 [-] LockHandler on Tomb of the shield: access type 'get' changed from 'get:all()' to 'get:false()' 
LockHandler on Tomb of the shield: access type 'puppet' changed from 'puppet:pperm(Developer)' to 'puppet:false()'
22-02-14 15:08:16 [-] LockHandler on Tomb of the shield: access type 'control' changed from 'control:perm(Developer)' to 'control:id(1) or perm(Admin)' 
LockHandler on Tomb of the shield: access type 'delete' changed from 'delete:perm(Admin)' to ' delete:id(1) or perm(Admin)' 
LockHandler on Tomb of the shield: access type 'edit' changed from 'edit:perm(Admin)' to ' edit:id(1) or perm(Admin)'
22-02-14 15:08:16 [-] LockHandler on Tomb of the shield: access type 'puppet' changed from 'puppet:pperm(Developer)' to 'puppet:false()' 
LockHandler on Tomb of the shield: access type 'get' changed from 'get:all()' to 'get:false()'
22-02-14 15:08:16 [-] LockHandler on Tomb of the shield: access type 'control' changed from 'control:perm(Developer)' to 'control:id(1) or perm(Admin)' 
LockHandler on Tomb of the shield: access type 'delete' changed from 'delete:perm(Admin)' to ' delete:id(1) or perm(Admin)' 
LockHandler on Tomb of the shield: access type 'edit' changed from 'edit:perm(Admin)' to ' edit:id(1) or perm(Admin)'
22-02-14 15:08:16 [-] LockHandler on Tomb of the hero: access type 'get' changed from 'get:all()' to 'get:false()' 
LockHandler on Tomb of the hero: access type 'puppet' changed from 'puppet:pperm(Developer)' to 'puppet:false()'
22-02-14 15:08:16 [-] LockHandler on Tomb of the hero: access type 'control' changed from 'control:perm(Developer)' to 'control:id(1) or perm(Admin)' 
LockHandler on Tomb of the hero: access type 'delete' changed from 'delete:perm(Admin)' to ' delete:id(1) or perm(Admin)' 
LockHandler on Tomb of the hero: access type 'edit' changed from 'edit:perm(Admin)' to ' edit:id(1) or perm(Admin)'
22-02-14 15:08:16 [-] LockHandler on Tomb of the hero: access type 'puppet' changed from 'puppet:pperm(Developer)' to 'puppet:false()' 
LockHandler on Tomb of the hero: access type 'get' changed from 'get:all()' to 'get:false()'
22-02-14 15:08:16 [-] LockHandler on Tomb of the hero: access type 'control' changed from 'control:perm(Developer)' to 'control:id(1) or perm(Admin)' 
LockHandler on Tomb of the hero: access type 'delete' changed from 'delete:perm(Admin)' to ' delete:id(1) or perm(Admin)' 
LockHandler on Tomb of the hero: access type 'edit' changed from 'edit:perm(Admin)' to ' edit:id(1) or perm(Admin)'
22-02-14 15:08:16 [-] LockHandler on Ancient tomb: access type 'get' changed from 'get:all()' to 'get:false()' 
LockHandler on Ancient tomb: access type 'puppet' changed from 'puppet:pperm(Developer)' to 'puppet:false()'
22-02-14 15:08:16 [-] LockHandler on Ancient tomb: access type 'control' changed from 'control:perm(Developer)' to 'control:id(1) or perm(Admin)' 
LockHandler on Ancient tomb: access type 'delete' changed from 'delete:perm(Admin)' to ' delete:id(1) or perm(Admin)' 
LockHandler on Ancient tomb: access type 'edit' changed from 'edit:perm(Admin)' to ' edit:id(1) or perm(Admin)'
22-02-14 15:08:16 [-] LockHandler on back to antechamber: access type 'puppet' changed from 'puppet:pperm(Developer)' to 'puppet:false()' 
LockHandler on back to antechamber: access type 'get' changed from 'get:all()' to 'get:false()'
22-02-14 15:08:16 [-] LockHandler on back to antechamber: access type 'control' changed from 'control:perm(Developer)' to 'control:id(1) or perm(Admin)' 
LockHandler on back to antechamber: access type 'delete' changed from 'delete:perm(Admin)' to ' delete:id(1) or perm(Admin)' 
LockHandler on back to antechamber: access type 'edit' changed from 'edit:perm(Admin)' to ' edit:id(1) or perm(Admin)'
22-02-14 15:08:16 [-] LockHandler on Stone sarcophagus: access type 'control' changed from 'control:perm(Developer)' to 'control:id(1) or perm(Admin)' 
LockHandler on Stone sarcophagus: access type 'delete' changed from 'delete:perm(Admin)' to 'delete:id(1) or perm(Admin)'
22-02-14 15:08:17 [-] LockHandler on End of tutorial: access type 'get' changed from 'get:all()' to 'get:false()' 
LockHandler on End of tutorial: access type 'puppet' changed from 'puppet:pperm(Developer)' to 'puppet:false()'
22-02-14 15:08:17 [-] LockHandler on End of tutorial: access type 'control' changed from 'control:perm(Developer)' to 'control:id(1) or perm(Admin)' 
LockHandler on End of tutorial: access type 'delete' changed from 'delete:perm(Admin)' to ' delete:id(1) or perm(Admin)' 
LockHandler on End of tutorial: access type 'edit' changed from 'edit:perm(Admin)' to ' edit:id(1) or perm(Admin)'
22-02-14 15:08:17 [-] LockHandler on Exit tutorial: access type 'puppet' changed from 'puppet:pperm(Developer)' to 'puppet:false()' 
LockHandler on Exit tutorial: access type 'get' changed from 'get:all()' to 'get:false()'
22-02-14 15:08:17 [-] LockHandler on Exit tutorial: access type 'control' changed from 'control:perm(Developer)' to 'control:id(1) or perm(Admin)' 
LockHandler on Exit tutorial: access type 'delete' changed from 'delete:perm(Admin)' to ' delete:id(1) or perm(Admin)' 
LockHandler on Exit tutorial: access type 'edit' changed from 'edit:perm(Admin)' to ' edit:id(1) or perm(Admin)'
22-02-14 15:08:17 [-] LockHandler on Exit tutorial: access type 'view' changed from 'view:all()' to 'view:tag(rack_sarcophagus, tutorial_world) ' 
LockHandler on Exit tutorial: access type 'traverse' changed from 'traverse:all()' to ' traverse:tag(rack_sarcophagus, tutorial_world)'
22-02-14 15:08:17 [-] LockHandler on exit back to Limbo: access type 'puppet' changed from 'puppet:pperm(Developer)' to 'puppet:false()' 
LockHandler on exit back to Limbo: access type 'get' changed from 'get:all()' to 'get:false()'
22-02-14 15:08:17 [-] LockHandler on exit back to Limbo: access type 'control' changed from 'control:perm(Developer)' to 'control:id(1) or perm(Admin)' 
LockHandler on exit back to Limbo: access type 'delete' changed from 'delete:perm(Admin)' to 'delete:id(1) or perm(Admin)'
22-02-17 17:41:10 [-] LockHandler on maxi: access type 'get' changed from 'get:all()' to 'get:false()' 
LockHandler on maxi: access type 'call' changed from 'call:true()' to 'call:false()'
22-02-17 17:41:10 [-] LockHandler on maxi: access type 'puppet' changed from 'puppet:pperm(Developer)' to 'puppet:id(67) or pid(2) or perm(Developer) or pperm(Developer)' 
LockHandler on maxi: access type 'delete' changed from 'delete:perm(Admin)' to 'delete:id(2) or perm(Admin)'
22-02-23 13:31:35 [-] LockHandler on macorvalan(account 1): access type 'examine' changed from 'examine:perm(Admin)' to 'examine:perm(Admin)' 
LockHandler on macorvalan(account 1): access type 'edit' changed from 'edit:perm(Admin)' to 'edit:perm(Admin)' 
LockHandler on macorvalan(account 1): access type 'delete' changed from 'delete:perm(Admin)' to 'delete:perm(Admin)' 
LockHandler on macorvalan(account 1): access type 'boot' changed from 'boot:perm(Admin)' to 'boot:perm(Admin)' 
LockHandler on macorvalan(account 1): access type 'msg' changed from 'msg:all()' to 'msg:all()' 
LockHandler on macorvalan(account 1): access type 'noidletimeout' changed from 'noidletimeout:perm(Builder) or perm(noidletimeout)' to 'noidletimeout:perm(Builder) or perm(noidletimeout)'
22-02-23 13:31:35 [-] LockHandler on macorvalan(account 1): access type 'examine' changed from 'examine:perm(Admin)' to 'examine:perm(Developer)' 
LockHandler on macorvalan(account 1): access type 'edit' changed from 'edit:perm(Admin)' to 'edit:false()' 
LockHandler on macorvalan(account 1): access type 'delete' changed from 'delete:perm(Admin)' to 'delete:false()' 
LockHandler on macorvalan(account 1): access type 'boot' changed from 'boot:perm(Admin)' to 'boot:false()' 
LockHandler on macorvalan(account 1): access type 'msg' changed from 'msg:all()' to 'msg:all()'
22-02-23 13:31:35 [-] LockHandler on macorvalan: access type 'get' changed from 'get:all()' to 'get:false()' 
LockHandler on macorvalan: access type 'call' changed from 'call:true()' to 'call:false()'
22-02-23 13:31:35 [-] LockHandler on macorvalan: access type 'examine' changed from 'examine:perm(Builder)' to 'examine:perm(Developer)' 
LockHandler on macorvalan: access type 'edit' changed from 'edit:perm(Admin)' to 'edit:false()' 
LockHandler on macorvalan: access type 'delete' changed from 'delete:perm(Admin)' to 'delete:false()' 
LockHandler on macorvalan: access type 'puppet' changed from 'puppet:pperm(Developer)' to 'puppet:false()'
22-02-23 13:31:35 [-] LockHandler on Limbo: access type 'get' changed from 'get:all()' to 'get:false()' 
LockHandler on Limbo: access type 'puppet' changed from 'puppet:pperm(Developer)' to 'puppet:false()'
22-02-23 13:31:35 [-] LockHandler on Channel 'MudInfo' (None): access type 'control' changed from 'control:perm(Admin)' to 'control:perm(Developer)' 
LockHandler on Channel 'MudInfo' (None): access type 'listen' changed from 'listen:all()' to 'listen:perm(Admin)' 
LockHandler on Channel 'MudInfo' (None): access type 'send' changed from 'send:all()' to 'send:false()'
22-02-23 13:31:36 [-] LockHandler on Channel 'Public' (None): access type 'control' changed from 'control:perm(Admin)' to 'control:perm(Admin)' 
LockHandler on Channel 'Public' (None): access type 'listen' changed from 'listen:all()' to 'listen:all()' 
LockHandler on Channel 'Public' (None): access type 'send' changed from 'send:all()' to 'send:all()'
22-02-23 13:57:25 [-] LockHandler on macorvalan: access type 'control' changed from 'control:perm(Developer)' to 'control:perm(Developer)' 
LockHandler on macorvalan: access type 'examine' changed from 'examine:perm(Developer)' to 'examine:perm(Builder)' 
LockHandler on macorvalan: access type 'view' changed from 'view:all()' to 'view:all()' 
LockHandler on macorvalan: access type 'edit' changed from 'edit:false()' to 'edit:perm(Admin)' 
LockHandler on macorvalan: access type 'delete' changed from 'delete:false()' to 'delete:perm(Admin)' 
LockHandler on macorvalan: access type 'get' changed from 'get:false()' to 'get:all()' 
LockHandler on macorvalan: access type 'drop' changed from 'drop:holds()' to 'drop:holds()' 
LockHandler on macorvalan: access type 'call' changed from 'call:false()' to 'call:true()' 
LockHandler on macorvalan: access type 'tell' changed from 'tell:perm(Admin)' to 'tell:perm(Admin)' 
LockHandler on macorvalan: access type 'puppet' changed from 'puppet:false()' to 'puppet:pperm(Developer)'
22-02-23 13:57:25 [-] LockHandler on macorvalan: access type 'get' changed from 'get:all()' to 'get:false()' 
LockHandler on macorvalan: access type 'call' changed from 'call:true()' to 'call:false()'
22-02-23 13:58:18 [-] LockHandler on macorvalan: access type 'control' changed from 'control:perm(Developer)' to 'control:perm(Developer)' 
LockHandler on macorvalan: access type 'examine' changed from 'examine:perm(Builder)' to 'examine:perm(Builder)' 
LockHandler on macorvalan: access type 'view' changed from 'view:all()' to 'view:all()' 
LockHandler on macorvalan: access type 'edit' changed from 'edit:perm(Admin)' to 'edit:perm(Admin)' 
LockHandler on macorvalan: access type 'delete' changed from 'delete:perm(Admin)' to 'delete:perm(Admin)' 
LockHandler on macorvalan: access type 'get' changed from 'get:false()' to 'get:all()' 
LockHandler on macorvalan: access type 'drop' changed from 'drop:holds()' to 'drop:holds()' 
LockHandler on macorvalan: access type 'call' changed from 'call:false()' to 'call:true()' 
LockHandler on macorvalan: access type 'tell' changed from 'tell:perm(Admin)' to 'tell:perm(Admin)' 
LockHandler on macorvalan: access type 'puppet' changed from 'puppet:pperm(Developer)' to 'puppet:pperm(Developer)'
22-02-23 13:58:18 [-] LockHandler on macorvalan: access type 'get' changed from 'get:all()' to 'get:false()' 
LockHandler on macorvalan: access type 'call' changed from 'call:true()' to 'call:false()'
22-03-02 13:18:50 [-] LockHandler on alistar: access type 'get' changed from 'get:all()' to 'get:false()' 
LockHandler on alistar: access type 'call' changed from 'call:true()' to 'call:false()'
22-03-02 13:18:50 [-] LockHandler on alistar: access type 'puppet' changed from 'puppet:pperm(Developer)' to 'puppet:id(3) or pid(2) or perm(Developer) or pperm(Developer)' 
LockHandler on alistar: access type 'delete' changed from 'delete:perm(Admin)' to 'delete:id(2) or perm(Admin)'
22-03-02 14:05:53 [-] LockHandler on macorvalan: access type 'control' changed from 'control:perm(Developer)' to 'control:perm(Developer)' 
LockHandler on macorvalan: access type 'examine' changed from 'examine:perm(Builder)' to 'examine:perm(Builder)' 
LockHandler on macorvalan: access type 'view' changed from 'view:all()' to 'view:all()' 
LockHandler on macorvalan: access type 'edit' changed from 'edit:perm(Admin)' to 'edit:perm(Admin)' 
LockHandler on macorvalan: access type 'delete' changed from 'delete:perm(Admin)' to 'delete:perm(Admin)' 
LockHandler on macorvalan: access type 'get' changed from 'get:false()' to 'get:all()' 
LockHandler on macorvalan: access type 'drop' changed from 'drop:holds()' to 'drop:holds()' 
LockHandler on macorvalan: access type 'call' changed from 'call:false()' to 'call:true()' 
LockHandler on macorvalan: access type 'tell' changed from 'tell:perm(Admin)' to 'tell:perm(Admin)' 
LockHandler on macorvalan: access type 'puppet' changed from 'puppet:pperm(Developer)' to 'puppet:pperm(Developer)'
22-03-02 14:05:53 [-] LockHandler on macorvalan: access type 'get' changed from 'get:all()' to 'get:false()' 
LockHandler on macorvalan: access type 'call' changed from 'call:true()' to 'call:false()'
22-03-02 14:16:38 [-] LockHandler on macorvalan: access type 'control' changed from 'control:perm(Developer)' to 'control:perm(Developer)' 
LockHandler on macorvalan: access type 'examine' changed from 'examine:perm(Builder)' to 'examine:perm(Builder)' 
LockHandler on macorvalan: access type 'view' changed from 'view:all()' to 'view:all()' 
LockHandler on macorvalan: access type 'edit' changed from 'edit:perm(Admin)' to 'edit:perm(Admin)' 
LockHandler on macorvalan: access type 'delete' changed from 'delete:perm(Admin)' to 'delete:perm(Admin)' 
LockHandler on macorvalan: access type 'get' changed from 'get:false()' to 'get:all()' 
LockHandler on macorvalan: access type 'drop' changed from 'drop:holds()' to 'drop:holds()' 
LockHandler on macorvalan: access type 'call' changed from 'call:false()' to 'call:true()' 
LockHandler on macorvalan: access type 'tell' changed from 'tell:perm(Admin)' to 'tell:perm(Admin)' 
LockHandler on macorvalan: access type 'puppet' changed from 'puppet:pperm(Developer)' to 'puppet:pperm(Developer)'
22-03-02 14:16:38 [-] LockHandler on macorvalan: access type 'get' changed from 'get:all()' to 'get:false()' 
LockHandler on macorvalan: access type 'call' changed from 'call:true()' to 'call:false()'
22-03-02 14:18:04 [-] LockHandler on macorvalan: access type 'control' changed from 'control:perm(Developer)' to 'control:perm(Developer)' 
LockHandler on macorvalan: access type 'examine' changed from 'examine:perm(Builder)' to 'examine:perm(Builder)' 
LockHandler on macorvalan: access type 'view' changed from 'view:all()' to 'view:all()' 
LockHandler on macorvalan: access type 'edit' changed from 'edit:perm(Admin)' to 'edit:perm(Admin)' 
LockHandler on macorvalan: access type 'delete' changed from 'delete:perm(Admin)' to 'delete:perm(Admin)' 
LockHandler on macorvalan: access type 'get' changed from 'get:false()' to 'get:all()' 
LockHandler on macorvalan: access type 'drop' changed from 'drop:holds()' to 'drop:holds()' 
LockHandler on macorvalan: access type 'call' changed from 'call:false()' to 'call:true()' 
LockHandler on macorvalan: access type 'tell' changed from 'tell:perm(Admin)' to 'tell:perm(Admin)' 
LockHandler on macorvalan: access type 'puppet' changed from 'puppet:pperm(Developer)' to 'puppet:pperm(Developer)'
22-03-02 14:18:04 [-] LockHandler on macorvalan: access type 'get' changed from 'get:all()' to 'get:false()' 
LockHandler on macorvalan: access type 'call' changed from 'call:true()' to 'call:false()'
22-03-02 14:19:44 [-] LockHandler on macorvalan: access type 'control' changed from 'control:perm(Developer)' to 'control:perm(Developer)' 
LockHandler on macorvalan: access type 'examine' changed from 'examine:perm(Builder)' to 'examine:perm(Builder)' 
LockHandler on macorvalan: access type 'view' changed from 'view:all()' to 'view:all()' 
LockHandler on macorvalan: access type 'edit' changed from 'edit:perm(Admin)' to 'edit:perm(Admin)' 
LockHandler on macorvalan: access type 'delete' changed from 'delete:perm(Admin)' to 'delete:perm(Admin)' 
LockHandler on macorvalan: access type 'get' changed from 'get:false()' to 'get:all()' 
LockHandler on macorvalan: access type 'drop' changed from 'drop:holds()' to 'drop:holds()' 
LockHandler on macorvalan: access type 'call' changed from 'call:false()' to 'call:true()' 
LockHandler on macorvalan: access type 'tell' changed from 'tell:perm(Admin)' to 'tell:perm(Admin)' 
LockHandler on macorvalan: access type 'puppet' changed from 'puppet:pperm(Developer)' to 'puppet:pperm(Developer)'
22-03-02 14:19:44 [-] LockHandler on macorvalan: access type 'get' changed from 'get:all()' to 'get:false()' 
LockHandler on macorvalan: access type 'call' changed from 'call:true()' to 'call:false()'
22-03-02 16:08:18 [-] LockHandler on generar: access type 'get' changed from 'get:all()' to 'get:false()' 
LockHandler on generar: access type 'puppet' changed from 'puppet:pperm(Developer)' to 'puppet:false()'
22-03-02 16:08:18 [-] LockHandler on generar: access type 'control' changed from 'control:perm(Developer)' to 'control:id(1) or perm(Admin)' 
LockHandler on generar: access type 'delete' changed from 'delete:perm(Admin)' to ' delete:id(1) or perm(Admin)' 
LockHandler on generar: access type 'edit' changed from 'edit:perm(Admin)' to ' edit:id(1) or perm(Admin)'
22-03-02 16:08:18 [-] LockHandler on generar: access type 'puppet' changed from 'puppet:pperm(Developer)' to 'puppet:false()' 
LockHandler on generar: access type 'get' changed from 'get:all()' to 'get:false()'
22-03-02 16:08:18 [-] LockHandler on generar: access type 'control' changed from 'control:perm(Developer)' to 'control:id(1) or perm(Admin)' 
LockHandler on generar: access type 'delete' changed from 'delete:perm(Admin)' to ' delete:id(1) or perm(Admin)' 
LockHandler on generar: access type 'edit' changed from 'edit:perm(Admin)' to ' edit:id(1) or perm(Admin)'
22-03-02 16:08:18 [-] LockHandler on finish: access type 'puppet' changed from 'puppet:pperm(Developer)' to 'puppet:false()' 
LockHandler on finish: access type 'get' changed from 'get:all()' to 'get:false()'
22-03-02 16:08:18 [-] LockHandler on finish: access type 'control' changed from 'control:perm(Developer)' to 'control:id(1) or perm(Admin)' 
LockHandler on finish: access type 'delete' changed from 'delete:perm(Admin)' to ' delete:id(1) or perm(Admin)' 
LockHandler on finish: access type 'edit' changed from 'edit:perm(Admin)' to ' edit:id(1) or perm(Admin)'
22-03-04 13:39:42 [-] LockHandler on macorvalan: access type 'control' changed from 'control:perm(Developer)' to 'control:perm(Developer)' 
LockHandler on macorvalan: access type 'examine' changed from 'examine:perm(Builder)' to 'examine:perm(Builder)' 
LockHandler on macorvalan: access type 'view' changed from 'view:all()' to 'view:all()' 
LockHandler on macorvalan: access type 'edit' changed from 'edit:perm(Admin)' to 'edit:perm(Admin)' 
LockHandler on macorvalan: access type 'delete' changed from 'delete:perm(Admin)' to 'delete:perm(Admin)' 
LockHandler on macorvalan: access type 'get' changed from 'get:false()' to 'get:all()' 
LockHandler on macorvalan: access type 'drop' changed from 'drop:holds()' to 'drop:holds()' 
LockHandler on macorvalan: access type 'call' changed from 'call:false()' to 'call:true()' 
LockHandler on macorvalan: access type 'tell' changed from 'tell:perm(Admin)' to 'tell:perm(Admin)' 
LockHandler on macorvalan: access type 'puppet' changed from 'puppet:pperm(Developer)' to 'puppet:pperm(Developer)'
22-03-04 13:39:42 [-] LockHandler on macorvalan: access type 'get' changed from 'get:all()' to 'get:false()' 
LockHandler on macorvalan: access type 'call' changed from 'call:true()' to 'call:false()'
22-03-04 13:46:09 [-] LockHandler on macorvalan: access type 'control' changed from 'control:perm(Developer)' to 'control:perm(Developer)' 
LockHandler on macorvalan: access type 'examine' changed from 'examine:perm(Builder)' to 'examine:perm(Builder)' 
LockHandler on macorvalan: access type 'view' changed from 'view:all()' to 'view:all()' 
LockHandler on macorvalan: access type 'edit' changed from 'edit:perm(Admin)' to 'edit:perm(Admin)' 
LockHandler on macorvalan: access type 'delete' changed from 'delete:perm(Admin)' to 'delete:perm(Admin)' 
LockHandler on macorvalan: access type 'get' changed from 'get:false()' to 'get:all()' 
LockHandler on macorvalan: access type 'drop' changed from 'drop:holds()' to 'drop:holds()' 
LockHandler on macorvalan: access type 'call' changed from 'call:false()' to 'call:true()' 
LockHandler on macorvalan: access type 'tell' changed from 'tell:perm(Admin)' to 'tell:perm(Admin)' 
LockHandler on macorvalan: access type 'puppet' changed from 'puppet:pperm(Developer)' to 'puppet:pperm(Developer)'
22-03-04 13:46:09 [-] LockHandler on macorvalan: access type 'get' changed from 'get:all()' to 'get:false()' 
LockHandler on macorvalan: access type 'call' changed from 'call:true()' to 'call:false()'
22-03-04 13:58:22 [-] LockHandler on macorvalan: access type 'control' changed from 'control:perm(Developer)' to 'control:perm(Developer)' 
LockHandler on macorvalan: access type 'examine' changed from 'examine:perm(Builder)' to 'examine:perm(Builder)' 
LockHandler on macorvalan: access type 'view' changed from 'view:all()' to 'view:all()' 
LockHandler on macorvalan: access type 'edit' changed from 'edit:perm(Admin)' to 'edit:perm(Admin)' 
LockHandler on macorvalan: access type 'delete' changed from 'delete:perm(Admin)' to 'delete:perm(Admin)' 
LockHandler on macorvalan: access type 'get' changed from 'get:false()' to 'get:all()' 
LockHandler on macorvalan: access type 'drop' changed from 'drop:holds()' to 'drop:holds()' 
LockHandler on macorvalan: access type 'call' changed from 'call:false()' to 'call:true()' 
LockHandler on macorvalan: access type 'tell' changed from 'tell:perm(Admin)' to 'tell:perm(Admin)' 
LockHandler on macorvalan: access type 'puppet' changed from 'puppet:pperm(Developer)' to 'puppet:pperm(Developer)'
22-03-04 13:58:22 [-] LockHandler on macorvalan: access type 'get' changed from 'get:all()' to 'get:false()' 
LockHandler on macorvalan: access type 'call' changed from 'call:true()' to 'call:false()'
22-03-04 13:59:52 [-] LockHandler on macorvalan: access type 'control' changed from 'control:perm(Developer)' to 'control:perm(Developer)' 
LockHandler on macorvalan: access type 'examine' changed from 'examine:perm(Builder)' to 'examine:perm(Builder)' 
LockHandler on macorvalan: access type 'view' changed from 'view:all()' to 'view:all()' 
LockHandler on macorvalan: access type 'edit' changed from 'edit:perm(Admin)' to 'edit:perm(Admin)' 
LockHandler on macorvalan: access type 'delete' changed from 'delete:perm(Admin)' to 'delete:perm(Admin)' 
LockHandler on macorvalan: access type 'get' changed from 'get:false()' to 'get:all()' 
LockHandler on macorvalan: access type 'drop' changed from 'drop:holds()' to 'drop:holds()' 
LockHandler on macorvalan: access type 'call' changed from 'call:false()' to 'call:true()' 
LockHandler on macorvalan: access type 'tell' changed from 'tell:perm(Admin)' to 'tell:perm(Admin)' 
LockHandler on macorvalan: access type 'puppet' changed from 'puppet:pperm(Developer)' to 'puppet:pperm(Developer)'
22-03-04 13:59:52 [-] LockHandler on macorvalan: access type 'get' changed from 'get:all()' to 'get:false()' 
LockHandler on macorvalan: access type 'call' changed from 'call:true()' to 'call:false()'
22-03-09 17:59:33 [-] LockHandler on crowley: access type 'get' changed from 'get:all()' to 'get:false()' 
LockHandler on crowley: access type 'call' changed from 'call:true()' to 'call:false()'
22-03-09 17:59:34 [-] LockHandler on crowley: access type 'puppet' changed from 'puppet:pperm(Developer)' to 'puppet:id(7) or pid(3) or perm(Developer) or pperm(Developer)' 
LockHandler on crowley: access type 'delete' changed from 'delete:perm(Admin)' to 'delete:id(3) or perm(Admin)'
22-03-09 18:32:57 [-] LockHandler on macorvalan: access type 'control' changed from 'control:perm(Developer)' to 'control:perm(Developer)' 
LockHandler on macorvalan: access type 'examine' changed from 'examine:perm(Builder)' to 'examine:perm(Builder)' 
LockHandler on macorvalan: access type 'view' changed from 'view:all()' to 'view:all()' 
LockHandler on macorvalan: access type 'edit' changed from 'edit:perm(Admin)' to 'edit:perm(Admin)' 
LockHandler on macorvalan: access type 'delete' changed from 'delete:perm(Admin)' to 'delete:perm(Admin)' 
LockHandler on macorvalan: access type 'get' changed from 'get:false()' to 'get:all()' 
LockHandler on macorvalan: access type 'drop' changed from 'drop:holds()' to 'drop:holds()' 
LockHandler on macorvalan: access type 'call' changed from 'call:false()' to 'call:true()' 
LockHandler on macorvalan: access type 'tell' changed from 'tell:perm(Admin)' to 'tell:perm(Admin)' 
LockHandler on macorvalan: access type 'puppet' changed from 'puppet:pperm(Developer)' to 'puppet:pperm(Developer)'
22-03-09 18:32:57 [-] LockHandler on macorvalan: access type 'get' changed from 'get:all()' to 'get:false()' 
LockHandler on macorvalan: access type 'call' changed from 'call:true()' to 'call:false()'
22-03-09 18:57:50 [-] LockHandler on alicia: access type 'get' changed from 'get:all()' to 'get:false()' 
LockHandler on alicia: access type 'call' changed from 'call:true()' to 'call:false()'
22-03-09 18:57:50 [-] LockHandler on alicia: access type 'puppet' changed from 'puppet:pperm(Developer)' to 'puppet:id(8) or pid(4) or perm(Developer) or pperm(Developer)' 
LockHandler on alicia: access type 'delete' changed from 'delete:perm(Admin)' to 'delete:id(4) or perm(Admin)'
22-03-09 19:00:24 [-] LockHandler on ana: access type 'get' changed from 'get:all()' to 'get:false()' 
LockHandler on ana: access type 'call' changed from 'call:true()' to 'call:false()'
22-03-09 19:00:24 [-] LockHandler on ana: access type 'puppet' changed from 'puppet:pperm(Developer)' to 'puppet:id(9) or pid(5) or perm(Developer) or pperm(Developer)' 
LockHandler on ana: access type 'delete' changed from 'delete:perm(Admin)' to 'delete:id(5) or perm(Admin)'
22-03-09 19:02:42 [-] LockHandler on pepe: access type 'control' changed from 'control:perm(Developer)' to 'control:id(1) or perm(Admin)' 
LockHandler on pepe: access type 'delete' changed from 'delete:perm(Admin)' to 'delete:id(1) or perm(Admin)'
22-03-09 19:05:46 [-] LockHandler on "ana pacula": access type 'get' changed from 'get:all()' to 'get:false()' 
LockHandler on "ana pacula": access type 'call' changed from 'call:true()' to 'call:false()'
22-03-09 19:05:46 [-] LockHandler on "ana pacula": access type 'puppet' changed from 'puppet:pperm(Developer)' to 'puppet:id(11) or pid(5) or perm(Developer) or pperm(Developer)'
22-03-09 19:10:17 [-] LockHandler on atilio: access type 'get' changed from 'get:all()' to 'get:false()' 
LockHandler on atilio: access type 'call' changed from 'call:true()' to 'call:false()'
22-03-09 19:10:18 [-] LockHandler on atilio: access type 'puppet' changed from 'puppet:pperm(Developer)' to 'puppet:id(12) or pid(6) or perm(Developer) or pperm(Developer)' 
LockHandler on atilio: access type 'delete' changed from 'delete:perm(Admin)' to 'delete:id(6) or perm(Admin)'
22-03-09 19:28:28 [-] LockHandler on Maria Pacuala: access type 'get' changed from 'get:all()' to 'get:false()' 
LockHandler on Maria Pacuala: access type 'call' changed from 'call:true()' to 'call:false()'
22-03-09 19:28:28 [-] LockHandler on Maria Pacuala: access type 'puppet' changed from 'puppet:pperm(Developer)' to 'puppet:id(13) or pid(7) or perm(Developer) or pperm(Developer)' 
LockHandler on Maria Pacuala: access type 'delete' changed from 'delete:perm(Admin)' to 'delete:id(7) or perm(Admin)'